<?xml version="1.0" encoding="UTF-8"?>
<testsuite xmlns:xsi="http://www.w3.org/2001/XMLSchema-instance" xsi:noNamespaceSchemaLocation="https://maven.apache.org/surefire/maven-surefire-plugin/xsd/surefire-test-report.xsd" name="edu.servicemix.esb.services.schedule.ScheduleRestServiceBlueprintTest" time="11.817" tests="1" errors="0" skipped="0" failures="0">
  <properties>
    <property name="sun.desktop" value="windows"/>
    <property name="awt.toolkit" value="sun.awt.windows.WToolkit"/>
    <property name="file.encoding.pkg" value="sun.io"/>
    <property name="java.specification.version" value="1.8"/>
    <property name="sun.cpu.isalist" value="amd64"/>
    <property name="sun.jnu.encoding" value="Cp1251"/>
    <property name="java.class.path" value="C:\ProjectJ\esb\services\schedule\target\test-classes;C:\ProjectJ\esb\services\schedule\target\classes;C:\ProjectJ\esb\commons\target\commons-1.0.0.jar;C:\Users\Pavel\.m2\repository\org\apache\camel\camel-core\2.16.5\camel-core-2.16.5.jar;C:\Users\Pavel\.m2\repository\org\slf4j\slf4j-api\1.6.6\slf4j-api-1.6.6.jar;C:\Users\Pavel\.m2\repository\com\sun\xml\bind\jaxb-core\2.2.11\jaxb-core-2.2.11.jar;C:\Users\Pavel\.m2\repository\com\sun\xml\bind\jaxb-impl\2.2.11\jaxb-impl-2.2.11.jar;C:\Users\Pavel\.m2\repository\org\apache\camel\camel-cxf\2.16.5\camel-cxf-2.16.5.jar;C:\Users\Pavel\.m2\repository\org\apache\camel\camel-spring\2.16.5\camel-spring-2.16.5.jar;C:\Users\Pavel\.m2\repository\org\springframework\spring-aop\4.1.9.RELEASE\spring-aop-4.1.9.RELEASE.jar;C:\Users\Pavel\.m2\repository\aopalliance\aopalliance\1.0\aopalliance-1.0.jar;C:\Users\Pavel\.m2\repository\org\springframework\spring-expression\4.1.9.RELEASE\spring-expression-4.1.9.RELEASE.jar;C:\Users\Pavel\.m2\repository\org\apache\camel\camel-cxf-transport\2.16.5\camel-cxf-transport-2.16.5.jar;C:\Users\Pavel\.m2\repository\org\apache\cxf\cxf-rt-frontend-jaxrs\3.1.9\cxf-rt-frontend-jaxrs-3.1.9.jar;C:\Users\Pavel\.m2\repository\javax\ws\rs\javax.ws.rs-api\2.0.1\javax.ws.rs-api-2.0.1.jar;C:\Users\Pavel\.m2\repository\javax\annotation\javax.annotation-api\1.2\javax.annotation-api-1.2.jar;C:\Users\Pavel\.m2\repository\org\apache\cxf\cxf-rt-frontend-jaxws\3.1.9\cxf-rt-frontend-jaxws-3.1.9.jar;C:\Users\Pavel\.m2\repository\xml-resolver\xml-resolver\1.2\xml-resolver-1.2.jar;C:\Users\Pavel\.m2\repository\org\ow2\asm\asm\5.0.4\asm-5.0.4.jar;C:\Users\Pavel\.m2\repository\org\apache\cxf\cxf-rt-bindings-xml\3.1.9\cxf-rt-bindings-xml-3.1.9.jar;C:\Users\Pavel\.m2\repository\org\apache\cxf\cxf-rt-frontend-simple\3.1.9\cxf-rt-frontend-simple-3.1.9.jar;C:\Users\Pavel\.m2\repository\org\apache\cxf\cxf-rt-ws-addr\3.1.9\cxf-rt-ws-addr-3.1.9.jar;C:\Users\Pavel\.m2\repository\org\apache\cxf\cxf-rt-ws-policy\3.1.9\cxf-rt-ws-policy-3.1.9.jar;C:\Users\Pavel\.m2\repository\org\apache\neethi\neethi\3.0.3\neethi-3.0.3.jar;C:\Users\Pavel\.m2\repository\org\apache\cxf\cxf-rt-rs-security-oauth\3.1.9\cxf-rt-rs-security-oauth-3.1.9.jar;C:\Users\Pavel\.m2\repository\org\apache\cxf\cxf-rt-rs-client\3.1.9\cxf-rt-rs-client-3.1.9.jar;C:\Users\Pavel\.m2\repository\net\oauth\core\oauth-provider\20100527\oauth-provider-20100527.jar;C:\Users\Pavel\.m2\repository\net\oauth\core\oauth\20100527\oauth-20100527.jar;C:\Users\Pavel\.m2\repository\org\springframework\spring-core\4.1.9.RELEASE\spring-core-4.1.9.RELEASE.jar;C:\Users\Pavel\.m2\repository\org\springframework\spring-beans\4.1.9.RELEASE\spring-beans-4.1.9.RELEASE.jar;C:\Users\Pavel\.m2\repository\org\springframework\spring-context\4.1.9.RELEASE\spring-context-4.1.9.RELEASE.jar;C:\Users\Pavel\.m2\repository\org\apache\cxf\cxf-rt-bindings-soap\3.1.9\cxf-rt-bindings-soap-3.1.9.jar;C:\Users\Pavel\.m2\repository\org\apache\cxf\cxf-rt-wsdl\3.1.9\cxf-rt-wsdl-3.1.9.jar;C:\Users\Pavel\.m2\repository\wsdl4j\wsdl4j\1.6.3\wsdl4j-1.6.3.jar;C:\Users\Pavel\.m2\repository\org\apache\cxf\cxf-rt-databinding-jaxb\3.1.9\cxf-rt-databinding-jaxb-3.1.9.jar;C:\Users\Pavel\.m2\repository\org\apache\camel\camel-groovy\2.16.5\camel-groovy-2.16.5.jar;C:\Users\Pavel\.m2\repository\org\apache\camel\camel-jaxb\2.16.5\camel-jaxb-2.16.5.jar;C:\Users\Pavel\.m2\repository\org\apache\camel\camel-jms\2.16.5\camel-jms-2.16.5.jar;C:\Users\Pavel\.m2\repository\org\springframework\spring-jms\4.1.9.RELEASE\spring-jms-4.1.9.RELEASE.jar;C:\Users\Pavel\.m2\repository\org\springframework\spring-messaging\4.1.9.RELEASE\spring-messaging-4.1.9.RELEASE.jar;C:\Users\Pavel\.m2\repository\org\springframework\spring-tx\4.1.9.RELEASE\spring-tx-4.1.9.RELEASE.jar;C:\Users\Pavel\.m2\repository\org\apache\camel\camel-saxon\2.16.5\camel-saxon-2.16.5.jar;C:\Users\Pavel\.m2\repository\net\sf\saxon\Saxon-HE\9.5.1-5\Saxon-HE-9.5.1-5.jar;C:\Users\Pavel\.m2\repository\org\apache\cxf\xjc-utils\cxf-xjc-runtime\3.1.0\cxf-xjc-runtime-3.1.0.jar;C:\Users\Pavel\.m2\repository\javax\xml\bind\jaxb-api\2.2.12\jaxb-api-2.2.12.jar;C:\Users\Pavel\.m2\repository\org\apache\activemq\activemq-camel\5.12.3\activemq-camel-5.12.3.jar;C:\Users\Pavel\.m2\repository\org\apache\activemq\activemq-spring\5.12.3\activemq-spring-5.12.3.jar;C:\Users\Pavel\.m2\repository\org\apache\xbean\xbean-spring\3.18\xbean-spring-3.18.jar;C:\Users\Pavel\.m2\repository\org\apache\activemq\activemq-broker\5.12.3\activemq-broker-5.12.3.jar;C:\Users\Pavel\.m2\repository\org\apache\activemq\activemq-openwire-legacy\5.12.3\activemq-openwire-legacy-5.12.3.jar;C:\Users\Pavel\.m2\repository\org\apache\activemq\activemq-core\5.7.0\activemq-core-5.7.0.jar;C:\Users\Pavel\.m2\repository\org\apache\geronimo\specs\geronimo-jms_1.1_spec\1.1.1\geronimo-jms_1.1_spec-1.1.1.jar;C:\Users\Pavel\.m2\repository\org\apache\activemq\kahadb\5.7.0\kahadb-5.7.0.jar;C:\Users\Pavel\.m2\repository\org\apache\activemq\protobuf\activemq-protobuf\1.1\activemq-protobuf-1.1.jar;C:\Users\Pavel\.m2\repository\org\fusesource\mqtt-client\mqtt-client\1.3\mqtt-client-1.3.jar;C:\Users\Pavel\.m2\repository\org\fusesource\hawtdispatch\hawtdispatch-transport\1.11\hawtdispatch-transport-1.11.jar;C:\Users\Pavel\.m2\repository\org\fusesource\hawtdispatch\hawtdispatch\1.11\hawtdispatch-1.11.jar;C:\Users\Pavel\.m2\repository\org\fusesource\hawtbuf\hawtbuf\1.9\hawtbuf-1.9.jar;C:\Users\Pavel\.m2\repository\org\apache\geronimo\specs\geronimo-j2ee-management_1.1_spec\1.0.1\geronimo-j2ee-management_1.1_spec-1.0.1.jar;C:\Users\Pavel\.m2\repository\commons-net\commons-net\3.1\commons-net-3.1.jar;C:\Users\Pavel\.m2\repository\org\jasypt\jasypt\1.9.0\jasypt-1.9.0.jar;C:\Users\Pavel\.m2\repository\org\apache\activemq\activemq-pool\5.12.3\activemq-pool-5.12.3.jar;C:\Users\Pavel\.m2\repository\org\apache\activemq\activemq-jms-pool\5.12.3\activemq-jms-pool-5.12.3.jar;C:\Users\Pavel\.m2\repository\org\apache\activemq\activemq-client\5.12.3\activemq-client-5.12.3.jar;C:\Users\Pavel\.m2\repository\org\apache\geronimo\specs\geronimo-jta_1.0.1B_spec\1.0.1\geronimo-jta_1.0.1B_spec-1.0.1.jar;C:\Users\Pavel\.m2\repository\org\apache\commons\commons-pool2\2.4.2\commons-pool2-2.4.2.jar;C:\Users\Pavel\.m2\repository\org\codehaus\groovy\groovy-all\2.4.5\groovy-all-2.4.5.jar;C:\Users\Pavel\.m2\repository\org\osgi\org.osgi.core\5.0.0\org.osgi.core-5.0.0.jar;C:\Users\Pavel\.m2\repository\org\apache\camel\camel-test-blueprint\2.16.5\camel-test-blueprint-2.16.5.jar;C:\Users\Pavel\.m2\repository\org\apache\camel\camel-test\2.16.5\camel-test-2.16.5.jar;C:\Users\Pavel\.m2\repository\org\apache\camel\camel-core\2.16.5\camel-core-2.16.5-tests.jar;C:\Users\Pavel\.m2\repository\org\apache\camel\camel-blueprint\2.16.5\camel-blueprint-2.16.5.jar;C:\Users\Pavel\.m2\repository\org\apache\camel\camel-core-xml\2.16.5\camel-core-xml-2.16.5.jar;C:\Users\Pavel\.m2\repository\org\apache\camel\camel-core-osgi\2.16.5\camel-core-osgi-2.16.5.jar;C:\Users\Pavel\.m2\repository\org\apache\aries\proxy\org.apache.aries.proxy.api\1.0.1\org.apache.aries.proxy.api-1.0.1.jar;C:\Users\Pavel\.m2\repository\org\apache\aries\proxy\org.apache.aries.proxy.impl\1.0.4\org.apache.aries.proxy.impl-1.0.4.jar;C:\Users\Pavel\.m2\repository\org\apache\aries\blueprint\org.apache.aries.blueprint.api\1.0.1\org.apache.aries.blueprint.api-1.0.1.jar;C:\Users\Pavel\.m2\repository\org\apache\aries\blueprint\org.apache.aries.blueprint.core\1.4.4\org.apache.aries.blueprint.core-1.4.4.jar;C:\Users\Pavel\.m2\repository\org\apache\aries\quiesce\org.apache.aries.quiesce.api\1.0.0\org.apache.aries.quiesce.api-1.0.0.jar;C:\Users\Pavel\.m2\repository\org\apache\aries\blueprint\org.apache.aries.blueprint.cm\1.0.6\org.apache.aries.blueprint.cm-1.0.6.jar;C:\Users\Pavel\.m2\repository\org\apache\aries\org.apache.aries.util\1.1.0\org.apache.aries.util-1.1.0.jar;C:\Users\Pavel\.m2\repository\org\apache\felix\org.apache.felix.connect\0.1.0\org.apache.felix.connect-0.1.0.jar;C:\Users\Pavel\.m2\repository\org\ops4j\pax\swissbox\pax-swissbox-tinybundles\1.3.2\pax-swissbox-tinybundles-1.3.2.jar;C:\Users\Pavel\.m2\repository\org\ops4j\base\ops4j-base-lang\1.2.2\ops4j-base-lang-1.2.2.jar;C:\Users\Pavel\.m2\repository\org\ops4j\base\ops4j-base-io\1.2.2\ops4j-base-io-1.2.2.jar;C:\Users\Pavel\.m2\repository\org\ops4j\base\ops4j-base-monitors\1.2.2\ops4j-base-monitors-1.2.2.jar;C:\Users\Pavel\.m2\repository\org\ops4j\base\ops4j-base-store\1.2.2\ops4j-base-store-1.2.2.jar;C:\Users\Pavel\.m2\repository\org\ops4j\pax\swissbox\pax-swissbox-bnd\1.3.2\pax-swissbox-bnd-1.3.2.jar;C:\Users\Pavel\.m2\repository\biz\aQute\bndlib\0.0.357\bndlib-0.0.357.jar;C:\Users\Pavel\.m2\repository\commons-logging\commons-logging\1.2\commons-logging-1.2.jar;C:\Users\Pavel\.m2\repository\junit\junit\4.11\junit-4.11.jar;C:\Users\Pavel\.m2\repository\org\hamcrest\hamcrest-core\1.3\hamcrest-core-1.3.jar;C:\Users\Pavel\.m2\repository\org\apache\felix\org.apache.felix.configadmin\1.8.8\org.apache.felix.configadmin-1.8.8.jar;C:\Users\Pavel\.m2\repository\org\apache\felix\org.apache.felix.fileinstall\3.5.0\org.apache.felix.fileinstall-3.5.0.jar;C:\Users\Pavel\.m2\repository\org\apache\httpcomponents\httpclient\4.5.6\httpclient-4.5.6.jar;C:\Users\Pavel\.m2\repository\org\apache\httpcomponents\httpcore\4.4.10\httpcore-4.4.10.jar;C:\Users\Pavel\.m2\repository\commons-codec\commons-codec\1.10\commons-codec-1.10.jar;C:\Users\Pavel\.m2\repository\org\apache\cxf\cxf-rt-transports-http-jetty\3.1.9\cxf-rt-transports-http-jetty-3.1.9.jar;C:\Users\Pavel\.m2\repository\org\apache\cxf\cxf-core\3.1.9\cxf-core-3.1.9.jar;C:\Users\Pavel\.m2\repository\org\codehaus\woodstox\woodstox-core-asl\4.4.1\woodstox-core-asl-4.4.1.jar;C:\Users\Pavel\.m2\repository\org\codehaus\woodstox\stax2-api\3.1.4\stax2-api-3.1.4.jar;C:\Users\Pavel\.m2\repository\org\apache\ws\xmlschema\xmlschema-core\2.2.1\xmlschema-core-2.2.1.jar;C:\Users\Pavel\.m2\repository\org\apache\cxf\cxf-rt-transports-http\3.1.9\cxf-rt-transports-http-3.1.9.jar;C:\Users\Pavel\.m2\repository\org\eclipse\jetty\jetty-server\9.2.15.v20160210\jetty-server-9.2.15.v20160210.jar;C:\Users\Pavel\.m2\repository\javax\servlet\javax.servlet-api\3.1.0\javax.servlet-api-3.1.0.jar;C:\Users\Pavel\.m2\repository\org\eclipse\jetty\jetty-util\9.2.15.v20160210\jetty-util-9.2.15.v20160210.jar;C:\Users\Pavel\.m2\repository\org\eclipse\jetty\jetty-io\9.2.15.v20160210\jetty-io-9.2.15.v20160210.jar;C:\Users\Pavel\.m2\repository\org\eclipse\jetty\jetty-security\9.2.15.v20160210\jetty-security-9.2.15.v20160210.jar;C:\Users\Pavel\.m2\repository\org\eclipse\jetty\jetty-continuation\9.2.15.v20160210\jetty-continuation-9.2.15.v20160210.jar;C:\Users\Pavel\.m2\repository\org\eclipse\jetty\jetty-http\9.2.15.v20160210\jetty-http-9.2.15.v20160210.jar;C:\Users\Pavel\.m2\repository\org\ow2\asm\asm-commons\5.0.3\asm-commons-5.0.3.jar;C:\Users\Pavel\.m2\repository\org\ow2\asm\asm-tree\5.0.3\asm-tree-5.0.3.jar;C:\Users\Pavel\.m2\repository\org\slf4j\slf4j-simple\1.6.1\slf4j-simple-1.6.1.jar;C:\Users\Pavel\.m2\repository\javax\servlet\servlet-api\2.5\servlet-api-2.5.jar;C:\Users\Pavel\.m2\repository\org\osgi\org.osgi.service.http\1.2.1\org.osgi.service.http-1.2.1.jar;C:\Users\Pavel\.m2\repository\org\apache\felix\org.osgi.core\1.0.0\org.osgi.core-1.0.0.jar;"/>
    <property name="java.vm.vendor" value="Oracle Corporation"/>
    <property name="sun.arch.data.model" value="64"/>
    <property name="user.variant" value=""/>
    <property name="java.vendor.url" value="http://java.oracle.com/"/>
    <property name="user.timezone" value="GMT+07:00"/>
    <property name="java.vm.specification.version" value="1.8"/>
    <property name="os.name" value="Windows 10"/>
    <property name="user.country" value="RU"/>
    <property name="sun.java.launcher" value="SUN_STANDARD"/>
    <property name="sun.boot.library.path" value="C:\Program Files\Java\jdk1.8.0_65\jre\bin"/>
    <property name="sun.java.command" value="C:\Users\Pavel\AppData\Local\Temp\surefire5056710741769938570\surefirebooter6795319372056762387.jar C:\Users\Pavel\AppData\Local\Temp\surefire5056710741769938570 2018-10-29T19-09-03_162-jvmRun1 surefire3407362926010939018tmp surefire_02619814497489299100tmp"/>
    <property name="surefire.test.class.path" value="C:\ProjectJ\esb\services\schedule\target\test-classes;C:\ProjectJ\esb\services\schedule\target\classes;C:\ProjectJ\esb\commons\target\commons-1.0.0.jar;C:\Users\Pavel\.m2\repository\org\apache\camel\camel-core\2.16.5\camel-core-2.16.5.jar;C:\Users\Pavel\.m2\repository\org\slf4j\slf4j-api\1.6.6\slf4j-api-1.6.6.jar;C:\Users\Pavel\.m2\repository\com\sun\xml\bind\jaxb-core\2.2.11\jaxb-core-2.2.11.jar;C:\Users\Pavel\.m2\repository\com\sun\xml\bind\jaxb-impl\2.2.11\jaxb-impl-2.2.11.jar;C:\Users\Pavel\.m2\repository\org\apache\camel\camel-cxf\2.16.5\camel-cxf-2.16.5.jar;C:\Users\Pavel\.m2\repository\org\apache\camel\camel-spring\2.16.5\camel-spring-2.16.5.jar;C:\Users\Pavel\.m2\repository\org\springframework\spring-aop\4.1.9.RELEASE\spring-aop-4.1.9.RELEASE.jar;C:\Users\Pavel\.m2\repository\aopalliance\aopalliance\1.0\aopalliance-1.0.jar;C:\Users\Pavel\.m2\repository\org\springframework\spring-expression\4.1.9.RELEASE\spring-expression-4.1.9.RELEASE.jar;C:\Users\Pavel\.m2\repository\org\apache\camel\camel-cxf-transport\2.16.5\camel-cxf-transport-2.16.5.jar;C:\Users\Pavel\.m2\repository\org\apache\cxf\cxf-rt-frontend-jaxrs\3.1.9\cxf-rt-frontend-jaxrs-3.1.9.jar;C:\Users\Pavel\.m2\repository\javax\ws\rs\javax.ws.rs-api\2.0.1\javax.ws.rs-api-2.0.1.jar;C:\Users\Pavel\.m2\repository\javax\annotation\javax.annotation-api\1.2\javax.annotation-api-1.2.jar;C:\Users\Pavel\.m2\repository\org\apache\cxf\cxf-rt-frontend-jaxws\3.1.9\cxf-rt-frontend-jaxws-3.1.9.jar;C:\Users\Pavel\.m2\repository\xml-resolver\xml-resolver\1.2\xml-resolver-1.2.jar;C:\Users\Pavel\.m2\repository\org\ow2\asm\asm\5.0.4\asm-5.0.4.jar;C:\Users\Pavel\.m2\repository\org\apache\cxf\cxf-rt-bindings-xml\3.1.9\cxf-rt-bindings-xml-3.1.9.jar;C:\Users\Pavel\.m2\repository\org\apache\cxf\cxf-rt-frontend-simple\3.1.9\cxf-rt-frontend-simple-3.1.9.jar;C:\Users\Pavel\.m2\repository\org\apache\cxf\cxf-rt-ws-addr\3.1.9\cxf-rt-ws-addr-3.1.9.jar;C:\Users\Pavel\.m2\repository\org\apache\cxf\cxf-rt-ws-policy\3.1.9\cxf-rt-ws-policy-3.1.9.jar;C:\Users\Pavel\.m2\repository\org\apache\neethi\neethi\3.0.3\neethi-3.0.3.jar;C:\Users\Pavel\.m2\repository\org\apache\cxf\cxf-rt-rs-security-oauth\3.1.9\cxf-rt-rs-security-oauth-3.1.9.jar;C:\Users\Pavel\.m2\repository\org\apache\cxf\cxf-rt-rs-client\3.1.9\cxf-rt-rs-client-3.1.9.jar;C:\Users\Pavel\.m2\repository\net\oauth\core\oauth-provider\20100527\oauth-provider-20100527.jar;C:\Users\Pavel\.m2\repository\net\oauth\core\oauth\20100527\oauth-20100527.jar;C:\Users\Pavel\.m2\repository\org\springframework\spring-core\4.1.9.RELEASE\spring-core-4.1.9.RELEASE.jar;C:\Users\Pavel\.m2\repository\org\springframework\spring-beans\4.1.9.RELEASE\spring-beans-4.1.9.RELEASE.jar;C:\Users\Pavel\.m2\repository\org\springframework\spring-context\4.1.9.RELEASE\spring-context-4.1.9.RELEASE.jar;C:\Users\Pavel\.m2\repository\org\apache\cxf\cxf-rt-bindings-soap\3.1.9\cxf-rt-bindings-soap-3.1.9.jar;C:\Users\Pavel\.m2\repository\org\apache\cxf\cxf-rt-wsdl\3.1.9\cxf-rt-wsdl-3.1.9.jar;C:\Users\Pavel\.m2\repository\wsdl4j\wsdl4j\1.6.3\wsdl4j-1.6.3.jar;C:\Users\Pavel\.m2\repository\org\apache\cxf\cxf-rt-databinding-jaxb\3.1.9\cxf-rt-databinding-jaxb-3.1.9.jar;C:\Users\Pavel\.m2\repository\org\apache\camel\camel-groovy\2.16.5\camel-groovy-2.16.5.jar;C:\Users\Pavel\.m2\repository\org\apache\camel\camel-jaxb\2.16.5\camel-jaxb-2.16.5.jar;C:\Users\Pavel\.m2\repository\org\apache\camel\camel-jms\2.16.5\camel-jms-2.16.5.jar;C:\Users\Pavel\.m2\repository\org\springframework\spring-jms\4.1.9.RELEASE\spring-jms-4.1.9.RELEASE.jar;C:\Users\Pavel\.m2\repository\org\springframework\spring-messaging\4.1.9.RELEASE\spring-messaging-4.1.9.RELEASE.jar;C:\Users\Pavel\.m2\repository\org\springframework\spring-tx\4.1.9.RELEASE\spring-tx-4.1.9.RELEASE.jar;C:\Users\Pavel\.m2\repository\org\apache\camel\camel-saxon\2.16.5\camel-saxon-2.16.5.jar;C:\Users\Pavel\.m2\repository\net\sf\saxon\Saxon-HE\9.5.1-5\Saxon-HE-9.5.1-5.jar;C:\Users\Pavel\.m2\repository\org\apache\cxf\xjc-utils\cxf-xjc-runtime\3.1.0\cxf-xjc-runtime-3.1.0.jar;C:\Users\Pavel\.m2\repository\javax\xml\bind\jaxb-api\2.2.12\jaxb-api-2.2.12.jar;C:\Users\Pavel\.m2\repository\org\apache\activemq\activemq-camel\5.12.3\activemq-camel-5.12.3.jar;C:\Users\Pavel\.m2\repository\org\apache\activemq\activemq-spring\5.12.3\activemq-spring-5.12.3.jar;C:\Users\Pavel\.m2\repository\org\apache\xbean\xbean-spring\3.18\xbean-spring-3.18.jar;C:\Users\Pavel\.m2\repository\org\apache\activemq\activemq-broker\5.12.3\activemq-broker-5.12.3.jar;C:\Users\Pavel\.m2\repository\org\apache\activemq\activemq-openwire-legacy\5.12.3\activemq-openwire-legacy-5.12.3.jar;C:\Users\Pavel\.m2\repository\org\apache\activemq\activemq-core\5.7.0\activemq-core-5.7.0.jar;C:\Users\Pavel\.m2\repository\org\apache\geronimo\specs\geronimo-jms_1.1_spec\1.1.1\geronimo-jms_1.1_spec-1.1.1.jar;C:\Users\Pavel\.m2\repository\org\apache\activemq\kahadb\5.7.0\kahadb-5.7.0.jar;C:\Users\Pavel\.m2\repository\org\apache\activemq\protobuf\activemq-protobuf\1.1\activemq-protobuf-1.1.jar;C:\Users\Pavel\.m2\repository\org\fusesource\mqtt-client\mqtt-client\1.3\mqtt-client-1.3.jar;C:\Users\Pavel\.m2\repository\org\fusesource\hawtdispatch\hawtdispatch-transport\1.11\hawtdispatch-transport-1.11.jar;C:\Users\Pavel\.m2\repository\org\fusesource\hawtdispatch\hawtdispatch\1.11\hawtdispatch-1.11.jar;C:\Users\Pavel\.m2\repository\org\fusesource\hawtbuf\hawtbuf\1.9\hawtbuf-1.9.jar;C:\Users\Pavel\.m2\repository\org\apache\geronimo\specs\geronimo-j2ee-management_1.1_spec\1.0.1\geronimo-j2ee-management_1.1_spec-1.0.1.jar;C:\Users\Pavel\.m2\repository\commons-net\commons-net\3.1\commons-net-3.1.jar;C:\Users\Pavel\.m2\repository\org\jasypt\jasypt\1.9.0\jasypt-1.9.0.jar;C:\Users\Pavel\.m2\repository\org\apache\activemq\activemq-pool\5.12.3\activemq-pool-5.12.3.jar;C:\Users\Pavel\.m2\repository\org\apache\activemq\activemq-jms-pool\5.12.3\activemq-jms-pool-5.12.3.jar;C:\Users\Pavel\.m2\repository\org\apache\activemq\activemq-client\5.12.3\activemq-client-5.12.3.jar;C:\Users\Pavel\.m2\repository\org\apache\geronimo\specs\geronimo-jta_1.0.1B_spec\1.0.1\geronimo-jta_1.0.1B_spec-1.0.1.jar;C:\Users\Pavel\.m2\repository\org\apache\commons\commons-pool2\2.4.2\commons-pool2-2.4.2.jar;C:\Users\Pavel\.m2\repository\org\codehaus\groovy\groovy-all\2.4.5\groovy-all-2.4.5.jar;C:\Users\Pavel\.m2\repository\org\osgi\org.osgi.core\5.0.0\org.osgi.core-5.0.0.jar;C:\Users\Pavel\.m2\repository\org\apache\camel\camel-test-blueprint\2.16.5\camel-test-blueprint-2.16.5.jar;C:\Users\Pavel\.m2\repository\org\apache\camel\camel-test\2.16.5\camel-test-2.16.5.jar;C:\Users\Pavel\.m2\repository\org\apache\camel\camel-core\2.16.5\camel-core-2.16.5-tests.jar;C:\Users\Pavel\.m2\repository\org\apache\camel\camel-blueprint\2.16.5\camel-blueprint-2.16.5.jar;C:\Users\Pavel\.m2\repository\org\apache\camel\camel-core-xml\2.16.5\camel-core-xml-2.16.5.jar;C:\Users\Pavel\.m2\repository\org\apache\camel\camel-core-osgi\2.16.5\camel-core-osgi-2.16.5.jar;C:\Users\Pavel\.m2\repository\org\apache\aries\proxy\org.apache.aries.proxy.api\1.0.1\org.apache.aries.proxy.api-1.0.1.jar;C:\Users\Pavel\.m2\repository\org\apache\aries\proxy\org.apache.aries.proxy.impl\1.0.4\org.apache.aries.proxy.impl-1.0.4.jar;C:\Users\Pavel\.m2\repository\org\apache\aries\blueprint\org.apache.aries.blueprint.api\1.0.1\org.apache.aries.blueprint.api-1.0.1.jar;C:\Users\Pavel\.m2\repository\org\apache\aries\blueprint\org.apache.aries.blueprint.core\1.4.4\org.apache.aries.blueprint.core-1.4.4.jar;C:\Users\Pavel\.m2\repository\org\apache\aries\quiesce\org.apache.aries.quiesce.api\1.0.0\org.apache.aries.quiesce.api-1.0.0.jar;C:\Users\Pavel\.m2\repository\org\apache\aries\blueprint\org.apache.aries.blueprint.cm\1.0.6\org.apache.aries.blueprint.cm-1.0.6.jar;C:\Users\Pavel\.m2\repository\org\apache\aries\org.apache.aries.util\1.1.0\org.apache.aries.util-1.1.0.jar;C:\Users\Pavel\.m2\repository\org\apache\felix\org.apache.felix.connect\0.1.0\org.apache.felix.connect-0.1.0.jar;C:\Users\Pavel\.m2\repository\org\ops4j\pax\swissbox\pax-swissbox-tinybundles\1.3.2\pax-swissbox-tinybundles-1.3.2.jar;C:\Users\Pavel\.m2\repository\org\ops4j\base\ops4j-base-lang\1.2.2\ops4j-base-lang-1.2.2.jar;C:\Users\Pavel\.m2\repository\org\ops4j\base\ops4j-base-io\1.2.2\ops4j-base-io-1.2.2.jar;C:\Users\Pavel\.m2\repository\org\ops4j\base\ops4j-base-monitors\1.2.2\ops4j-base-monitors-1.2.2.jar;C:\Users\Pavel\.m2\repository\org\ops4j\base\ops4j-base-store\1.2.2\ops4j-base-store-1.2.2.jar;C:\Users\Pavel\.m2\repository\org\ops4j\pax\swissbox\pax-swissbox-bnd\1.3.2\pax-swissbox-bnd-1.3.2.jar;C:\Users\Pavel\.m2\repository\biz\aQute\bndlib\0.0.357\bndlib-0.0.357.jar;C:\Users\Pavel\.m2\repository\commons-logging\commons-logging\1.2\commons-logging-1.2.jar;C:\Users\Pavel\.m2\repository\junit\junit\4.11\junit-4.11.jar;C:\Users\Pavel\.m2\repository\org\hamcrest\hamcrest-core\1.3\hamcrest-core-1.3.jar;C:\Users\Pavel\.m2\repository\org\apache\felix\org.apache.felix.configadmin\1.8.8\org.apache.felix.configadmin-1.8.8.jar;C:\Users\Pavel\.m2\repository\org\apache\felix\org.apache.felix.fileinstall\3.5.0\org.apache.felix.fileinstall-3.5.0.jar;C:\Users\Pavel\.m2\repository\org\apache\httpcomponents\httpclient\4.5.6\httpclient-4.5.6.jar;C:\Users\Pavel\.m2\repository\org\apache\httpcomponents\httpcore\4.4.10\httpcore-4.4.10.jar;C:\Users\Pavel\.m2\repository\commons-codec\commons-codec\1.10\commons-codec-1.10.jar;C:\Users\Pavel\.m2\repository\org\apache\cxf\cxf-rt-transports-http-jetty\3.1.9\cxf-rt-transports-http-jetty-3.1.9.jar;C:\Users\Pavel\.m2\repository\org\apache\cxf\cxf-core\3.1.9\cxf-core-3.1.9.jar;C:\Users\Pavel\.m2\repository\org\codehaus\woodstox\woodstox-core-asl\4.4.1\woodstox-core-asl-4.4.1.jar;C:\Users\Pavel\.m2\repository\org\codehaus\woodstox\stax2-api\3.1.4\stax2-api-3.1.4.jar;C:\Users\Pavel\.m2\repository\org\apache\ws\xmlschema\xmlschema-core\2.2.1\xmlschema-core-2.2.1.jar;C:\Users\Pavel\.m2\repository\org\apache\cxf\cxf-rt-transports-http\3.1.9\cxf-rt-transports-http-3.1.9.jar;C:\Users\Pavel\.m2\repository\org\eclipse\jetty\jetty-server\9.2.15.v20160210\jetty-server-9.2.15.v20160210.jar;C:\Users\Pavel\.m2\repository\javax\servlet\javax.servlet-api\3.1.0\javax.servlet-api-3.1.0.jar;C:\Users\Pavel\.m2\repository\org\eclipse\jetty\jetty-util\9.2.15.v20160210\jetty-util-9.2.15.v20160210.jar;C:\Users\Pavel\.m2\repository\org\eclipse\jetty\jetty-io\9.2.15.v20160210\jetty-io-9.2.15.v20160210.jar;C:\Users\Pavel\.m2\repository\org\eclipse\jetty\jetty-security\9.2.15.v20160210\jetty-security-9.2.15.v20160210.jar;C:\Users\Pavel\.m2\repository\org\eclipse\jetty\jetty-continuation\9.2.15.v20160210\jetty-continuation-9.2.15.v20160210.jar;C:\Users\Pavel\.m2\repository\org\eclipse\jetty\jetty-http\9.2.15.v20160210\jetty-http-9.2.15.v20160210.jar;C:\Users\Pavel\.m2\repository\org\ow2\asm\asm-commons\5.0.3\asm-commons-5.0.3.jar;C:\Users\Pavel\.m2\repository\org\ow2\asm\asm-tree\5.0.3\asm-tree-5.0.3.jar;C:\Users\Pavel\.m2\repository\org\slf4j\slf4j-simple\1.6.1\slf4j-simple-1.6.1.jar;C:\Users\Pavel\.m2\repository\javax\servlet\servlet-api\2.5\servlet-api-2.5.jar;C:\Users\Pavel\.m2\repository\org\osgi\org.osgi.service.http\1.2.1\org.osgi.service.http-1.2.1.jar;C:\Users\Pavel\.m2\repository\org\apache\felix\org.osgi.core\1.0.0\org.osgi.core-1.0.0.jar;"/>
    <property name="sun.cpu.endian" value="little"/>
    <property name="user.home" value="C:\Users\Pavel"/>
    <property name="user.language" value="ru"/>
    <property name="java.specification.vendor" value="Oracle Corporation"/>
    <property name="java.home" value="C:\Program Files\Java\jdk1.8.0_65\jre"/>
    <property name="basedir" value="C:\ProjectJ\esb\services\schedule"/>
    <property name="file.separator" value="\"/>
    <property name="line.separator" value="&#10;"/>
    <property name="java.vm.specification.vendor" value="Oracle Corporation"/>
    <property name="java.specification.name" value="Java Platform API Specification"/>
    <property name="java.awt.graphicsenv" value="sun.awt.Win32GraphicsEnvironment"/>
    <property name="surefire.real.class.path" value="C:\Users\Pavel\AppData\Local\Temp\surefire5056710741769938570\surefirebooter6795319372056762387.jar"/>
    <property name="sun.boot.class.path" value="C:\Program Files\Java\jdk1.8.0_65\jre\lib\resources.jar;C:\Program Files\Java\jdk1.8.0_65\jre\lib\rt.jar;C:\Program Files\Java\jdk1.8.0_65\jre\lib\sunrsasign.jar;C:\Program Files\Java\jdk1.8.0_65\jre\lib\jsse.jar;C:\Program Files\Java\jdk1.8.0_65\jre\lib\jce.jar;C:\Program Files\Java\jdk1.8.0_65\jre\lib\charsets.jar;C:\Program Files\Java\jdk1.8.0_65\jre\lib\jfr.jar;C:\Program Files\Java\jdk1.8.0_65\jre\classes"/>
    <property name="user.script" value=""/>
    <property name="sun.management.compiler" value="HotSpot 64-Bit Tiered Compilers"/>
    <property name="java.runtime.version" value="1.8.0_65-b17"/>
    <property name="user.name" value="Pavel"/>
    <property name="path.separator" value=";"/>
    <property name="os.version" value="10.0"/>
    <property name="java.endorsed.dirs" value="C:\Program Files\Java\jdk1.8.0_65\jre\lib\endorsed"/>
    <property name="java.runtime.name" value="Java(TM) SE Runtime Environment"/>
    <property name="file.encoding" value="Cp1251"/>
    <property name="java.vm.name" value="Java HotSpot(TM) 64-Bit Server VM"/>
    <property name="localRepository" value="C:\Users\Pavel\.m2\repository"/>
    <property name="java.vendor.url.bug" value="http://bugreport.sun.com/bugreport/"/>
    <property name="java.io.tmpdir" value="C:\Users\Pavel\AppData\Local\Temp\"/>
    <property name="java.version" value="1.8.0_65"/>
    <property name="user.dir" value="C:\ProjectJ\esb\services\schedule"/>
    <property name="os.arch" value="amd64"/>
    <property name="java.vm.specification.name" value="Java Virtual Machine Specification"/>
    <property name="java.awt.printerjob" value="sun.awt.windows.WPrinterJob"/>
    <property name="sun.os.patch.level" value=""/>
    <property name="java.library.path" value="C:\Program Files\Java\jdk1.8.0_65\jre\bin;C:\WINDOWS\Sun\Java\bin;C:\WINDOWS\system32;C:\WINDOWS;C:\Program Files (x86)\Common Files\NetSarang;C:\ProgramData\Oracle\Java\javapath;C:\Program Files (x86)\Intel\iCLS Client\;C:\Program Files\Intel\iCLS Client\;C:\Windows\system32;C:\Windows;C:\Windows\System32\Wbem;C:\Windows\System32\WindowsPowerShell\v1.0\;C:\Program Files (x86)\Acer\abFiles\;C:\Program Files\Intel\Intel(R) Management Engine Components\DAL;C:\Program Files (x86)\Intel\Intel(R) Management Engine Components\DAL;C:\Program Files\Intel\Intel(R) Management Engine Components\IPT;C:\Program Files (x86)\Intel\Intel(R) Management Engine Components\IPT;C:\Program Files (x86)\NVIDIA Corporation\PhysX\Common;C:\Program Files\HDF_Group\HDFView\2.10.1\bin;C:\Program Files\Java\jdk1.8.0_65\bin;C:\Program Files\apache-maven-3.3.3\bin\;C:\ProgramData\ComposerSetup\bin;C:\Python27\Scripts;C:\Python27;C:\xampp\php;C:\xampp\mysql\bin;C:\Program Files\Microsoft SQL Server\110\Tools\Binn\;C:\Program Files\GDAL;C:\WINDOWS\system32;C:\WINDOWS;C:\WINDOWS\System32\Wbem;C:\WINDOWS\System32\WindowsPowerShell\v1.0\;%USERPROFILE%\.dnx\bin;C:\Program Files\Microsoft DNX\Dnvm\;C:\Program Files\Microsoft SQL Server\130\Tools\Binn\;C:\Program Files (x86)\Windows Kits\8.1\Windows Performance Toolkit\;C:\Program Files\Git\cmd;C:\Program Files (x86)\Skype\Phone\;C:\Program Files\Microsoft SQL Server\Client SDK\ODBC\130\Tools\Binn\;C:\Program Files (x86)\Microsoft SQL Server\140\Tools\Binn\;C:\Program Files\Microsoft SQL Server\140\Tools\Binn\;C:\Program Files\Microsoft SQL Server\140\DTS\Binn\;C:\Program Files (x86)\Microsoft SQL Server\Client SDK\ODBC\130\Tools\Binn\;C:\Program Files (x86)\Microsoft SQL Server\140\DTS\Binn\;C:\Program Files (x86)\Microsoft SQL Server\140\Tools\Binn\ManagementStudio\;C:\Program Files (x86)\nodejs\;C:\WINDOWS\System32\OpenSSH\;D:\Program Files (x86)\Brackets\command;C:\apache-servicemix-6.1.4\bin\;C:\tools\MRTSwath\bin;C:\Users\Pavel\Desktop\MRTSwath_Win\bin;C:\Users\Pavel\AppData\Local\Temp\Rar$EXa0.692\node;C:\Users\Pavel\AppData\Local\Microsoft\WindowsApps;C:\Users\Pavel\AppData\Roaming\npm;."/>
    <property name="java.vm.info" value="mixed mode"/>
    <property name="java.vendor" value="Oracle Corporation"/>
    <property name="java.vm.version" value="25.65-b01"/>
    <property name="java.ext.dirs" value="C:\Program Files\Java\jdk1.8.0_65\jre\lib\ext;C:\WINDOWS\Sun\Java\lib\ext"/>
    <property name="sun.io.unicode.encoding" value="UnicodeLittle"/>
    <property name="java.class.version" value="52.0"/>
  </properties>
  <testcase name="testGetEventsOperation" classname="edu.servicemix.esb.services.schedule.ScheduleRestServiceBlueprintTest" time="11.687"/>
</testsuite>